<?xml version="1.0" encoding="UTF-8"?>
<!-- Generated by org.testng.reporters.JUnitXMLReporter -->
<testsuite ignored="0" hostname="vijosema-dev3" failures="1" tests="11" name="CRM App Test Cases" time="129.52" errors="0" timestamp="2020-10-22T16:00:40 PDT">
  <testcase classname="com.crm.qa.testcases.IndexPageTest" name="indexPageTitleTest" time="0.184">
    <skipped/>
  </testcase> <!-- indexPageTitleTest -->
  <testcase classname="com.crm.qa.testcases.IndexPageTest" name="indexPageTitleTest" time="0.029">
    <skipped/>
  </testcase> <!-- indexPageTitleTest -->
  <testcase classname="com.crm.qa.testcases.IndexPageTest" name="indexPageTitleTest" time="0.118">
    <skipped/>
  </testcase> <!-- indexPageTitleTest -->
  <testcase classname="com.crm.qa.testcases.IndexPageTest" name="indexPageTitleTest" time="0.014">
    <failure type="java.lang.AssertionError" message="expected [#1 Free CRM customer relationship management software cloud#] but found [#1 Free CRM customer relationship management software cloud]">
      <![CDATA[java.lang.AssertionError: expected [#1 Free CRM customer relationship management software cloud#] but found [#1 Free CRM customer relationship management software cloud]
at com.crm.qa.testcases.IndexPageTest.indexPageTitleTest(IndexPageTest.java:36)
at java.base/java.util.ArrayList.forEach(ArrayList.java:1510)
... Removed 33 stack frames]]>
    </failure>
  </testcase> <!-- indexPageTitleTest -->
  <testcase classname="com.crm.qa.testcases.IndexPageTest" name="clickOnLoginBtnTest" time="0.859"/>
  <testcase classname="com.crm.qa.testcases.LoginPageTest" name="loginTest" time="1.915"/>
  <testcase classname="com.crm.qa.testcases.HomePageTest" name="verifyContactsLinkTest" time="1.039"/>
  <testcase classname="com.crm.qa.testcases.ContactsPageTest" name="clickOnNewBtnTest" time="0.998"/>
  <testcase classname="com.crm.qa.testcases.AddNewContactsPageTest" name="createNewContactTest" time="1.922"/>
  <testcase classname="com.crm.qa.testcases.AddNewContactsPageTest" name="createNewContactTest" time="2.117"/>
  <testcase classname="com.crm.qa.testcases.AddNewContactsPageTest" name="createNewContactTest" time="2.06"/>
</testsuite> <!-- CRM App Test Cases -->
